Build started 22/11/2012 2:49:55 PM.
     1>Project "C:\Users\MutantSuperNick\Desktop\SCHOOL\Year2\AI\BunchaAStarStuff\STL_sortingVector\sorting\sorting.vcxproj" on node 2 (build target(s)).
     1>InitializeBuildStatus:
         Creating "Debug\sorting.unsuccessfulbuild" because "AlwaysCreate" was specified.
       ClCompile:
         c:\Program Files (x86)\Microsoft Visual Studio 10.0\VC\bin\CL.exe /c /ZI /nologo /W3 /WX- /Od /Oy- /D WIN32 /D _DEBUG /D _CONSOLE /D _UNICODE /D UNICODE /Gm /EHsc /RTC1 /MDd /GS /fp:precise /Zc:wchar_t /Zc:forScope /Fo"Debug\\" /Fd"Debug\vc100.pdb" /Gd /TP /analyze- /errorReport:prompt main.cpp
         main.cpp
     1>c:\users\mutantsupernick\desktop\school\year2\ai\bunchaastarstuff\stl_sortingvector\sorting\main.cpp(32): warning C4018: '<' : signed/unsigned mismatch
     1>c:\users\mutantsupernick\desktop\school\year2\ai\bunchaastarstuff\stl_sortingvector\sorting\main.cpp(117): warning C4018: '<' : signed/unsigned mismatch
     1>c:\users\mutantsupernick\desktop\school\year2\ai\bunchaastarstuff\stl_sortingvector\sorting\main.cpp(139): warning C4018: '<' : signed/unsigned mismatch
     1>c:\users\mutantsupernick\desktop\school\year2\ai\bunchaastarstuff\stl_sortingvector\sorting\main.cpp(189): warning C4018: '<' : signed/unsigned mismatch
     1>c:\users\mutantsupernick\desktop\school\year2\ai\bunchaastarstuff\stl_sortingvector\sorting\main.cpp(211): warning C4018: '<' : signed/unsigned mismatch
     1>c:\users\mutantsupernick\desktop\school\year2\ai\bunchaastarstuff\stl_sortingvector\sorting\main.cpp(261): warning C4018: '<' : signed/unsigned mismatch
     1>c:\users\mutantsupernick\desktop\school\year2\ai\bunchaastarstuff\stl_sortingvector\sorting\main.cpp(283): warning C4018: '<' : signed/unsigned mismatch
     1>c:\users\mutantsupernick\desktop\school\year2\ai\bunchaastarstuff\stl_sortingvector\sorting\main.cpp(341): warning C4018: '<' : signed/unsigned mismatch
     1>c:\users\mutantsupernick\desktop\school\year2\ai\bunchaastarstuff\stl_sortingvector\sorting\main.cpp(363): warning C4018: '<' : signed/unsigned mismatch
     1>c:\users\mutantsupernick\desktop\school\year2\ai\bunchaastarstuff\stl_sortingvector\sorting\main.cpp(55): warning C4101: 'WSTART' : unreferenced local variable
     1>c:\users\mutantsupernick\desktop\school\year2\ai\bunchaastarstuff\stl_sortingvector\sorting\main.cpp(58): warning C4101: 'WGOAL' : unreferenced local variable
       ManifestResourceCompile:
         All outputs are up-to-date.
       Link:
         c:\Program Files (x86)\Microsoft Visual Studio 10.0\VC\bin\link.exe /ERRORREPORT:PROMPT /OUT:"C:\Users\MutantSuperNick\Desktop\SCHOOL\Year2\AI\BunchaAStarStuff\STL_sortingVector\Debug\sorting.exe" /INCREMENTAL /NOLOGO kernel32.lib user32.lib gdi32.lib winspool.lib comdlg32.lib advapi32.lib shell32.lib ole32.lib oleaut32.lib uuid.lib odbc32.lib odbccp32.lib /MANIFEST /ManifestFile:"Debug\sorting.exe.intermediate.manifest" /MANIFESTUAC:"level='asInvoker' uiAccess='false'" /DEBUG /PDB:"C:\Users\MutantSuperNick\Desktop\SCHOOL\Year2\AI\BunchaAStarStuff\STL_sortingVector\Debug\sorting.pdb" /SUBSYSTEM:CONSOLE /TLBID:1 /DYNAMICBASE /NXCOMPAT /IMPLIB:"C:\Users\MutantSuperNick\Desktop\SCHOOL\Year2\AI\BunchaAStarStuff\STL_sortingVector\Debug\sorting.lib" /MACHINE:X86 Debug\sorting.exe.embed.manifest.res
         Debug\main.obj
         Debug\Map.obj
       Manifest:
         C:\Program Files (x86)\Microsoft SDKs\Windows\v7.0A\bin\mt.exe /nologo /verbose /out:"Debug\sorting.exe.embed.manifest" /manifest Debug\sorting.exe.intermediate.manifest
         All outputs are up-to-date.
       LinkEmbedManifest:
         All outputs are up-to-date.
         sorting.vcxproj -> C:\Users\MutantSuperNick\Desktop\SCHOOL\Year2\AI\BunchaAStarStuff\STL_sortingVector\Debug\sorting.exe
       FinalizeBuildStatus:
         Deleting file "Debug\sorting.unsuccessfulbuild".
         Touching "Debug\sorting.lastbuildstate".
     1>Done Building Project "C:\Users\MutantSuperNick\Desktop\SCHOOL\Year2\AI\BunchaAStarStuff\STL_sortingVector\sorting\sorting.vcxproj" (build target(s)).

Build succeeded.

Time Elapsed 00:00:01.52
